#
# There is insufficient memory for the Java Runtime Environment to continue.
# Native memory allocation (malloc) failed to allocate 32784 bytes for Chunk::new
# Possible reasons:
#   The system is out of physical RAM or swap space
#   In 32 bit mode, the process size limit was hit
# Possible solutions:
#   Reduce memory load on the system
#   Increase physical memory or swap space
#   Check if swap backing store is full
#   Use 64 bit Java on a 64 bit OS
#   Decrease Java heap size (-Xmx/-Xms)
#   Decrease number of Java threads
#   Decrease Java thread stack sizes (-Xss)
#   Set larger code cache with -XX:ReservedCodeCacheSize=
# This output file may be truncated or incomplete.
#
#  Out of Memory Error (allocation.cpp:390), pid=13420, tid=15680
#
# JRE version: Java(TM) SE Runtime Environment (8.0_66-b18) (build 1.8.0_66-b18)
# Java VM: Java HotSpot(TM) 64-Bit Server VM (25.66-b18 mixed mode windows-amd64 compressed oops)
# Failed to write core dump. Minidumps are not enabled by default on client versions of Windows
#

---------------  T H R E A D  ---------------

Current thread (0x00000000077a8800):  JavaThread "C2 CompilerThread1" daemon [_thread_in_native, id=15680, stack(0x0000000007ba0000,0x0000000007ca0000)]

Stack: [0x0000000007ba0000,0x0000000007ca0000]
[error occurred during error reporting (printing stack bounds), id 0xc0000005]

Native frames: (J=compiled Java code, j=interpreted, Vv=VM code, C=native code)


Current CompileTask:
C2:   1384 1162       4       com.android.dx.ssa.SsaMethod::computeReachability (131 bytes)


---------------  P R O C E S S  ---------------

Java Threads: ( => current thread )
  0x00000000077bf800 JavaThread "Service Thread" daemon [_thread_blocked, id=13020, stack(0x0000000007da0000,0x0000000007ea0000)]
  0x00000000077a9800 JavaThread "C1 CompilerThread2" daemon [_thread_in_native, id=16792, stack(0x0000000007ca0000,0x0000000007da0000)]
=>0x00000000077a8800 JavaThread "C2 CompilerThread1" daemon [_thread_in_native, id=15680, stack(0x0000000007ba0000,0x0000000007ca0000)]
  0x0000000006149800 JavaThread "C2 CompilerThread0" daemon [_thread_in_native, id=16624, stack(0x00000000076a0000,0x00000000077a0000)]
  0x00000000060fe000 JavaThread "Attach Listener" daemon [_thread_blocked, id=16724, stack(0x00000000075a0000,0x00000000076a0000)]
  0x00000000060fc000 JavaThread "Signal Dispatcher" daemon [_thread_blocked, id=17344, stack(0x00000000074a0000,0x00000000075a0000)]
  0x0000000002a17000 JavaThread "Finalizer" daemon [_thread_blocked, id=17216, stack(0x0000000007350000,0x0000000007450000)]
  0x0000000002a0d000 JavaThread "Reference Handler" daemon [_thread_blocked, id=7024, stack(0x0000000007250000,0x0000000007350000)]
  0x0000000002922800 JavaThread "main" [_thread_in_Java, id=16324, stack(0x00000000027d0000,0x00000000028d0000)]

Other Threads:
  0x00000000060b8000 VMThread [stack: 0x0000000007150000,0x0000000007250000] [id=15884]
  0x0000000007863800 WatcherThread [stack: 0x0000000007ea0000,0x0000000007fa0000] [id=16784]

VM state:not at safepoint (normal execution)

VM Mutex/Monitor currently owned by a thread:  ([mutex/lock_event])
[0x00000000029217d0] MethodData_lock - owner thread: 0x00000000077a9800

Heap:
 PSYoungGen      total 38400K, used 24641K [0x00000000eab00000, 0x00000000ed580000, 0x0000000100000000)
  eden space 33280K, 74% used [0x00000000eab00000,0x00000000ec310518,0x00000000ecb80000)
  from space 5120K, 0% used [0x00000000ed080000,0x00000000ed080000,0x00000000ed580000)
  to   space 5120K, 0% used [0x00000000ecb80000,0x00000000ecb80000,0x00000000ed080000)
 ParOldGen       total 87552K, used 0K [0x00000000c0000000, 0x00000000c5580000, 0x00000000eab00000)
  object space 87552K, 0% used [0x00000000c0000000,0x00000000c0000000,0x00000000c5580000)
 Metaspace       used 5726K, capacity 6896K, committed 7040K, reserved 1056768K
  class space    used 568K, capacity 616K, committed 640K, reserved 1048576K

Card table byte_map: [0x0000000002de0000,0x0000000002ff0000] byte_map_base: 0x00000000027e0000

Marking Bits: (ParMarkBitMap*) 0x00000000722ba5b0
 Begin Bits: [0x0000000003550000, 0x0000000004550000)
 End Bits:   [0x0000000004550000, 0x0000000005550000)

Polling page: 0x0000000002440000

CodeCache: size=245760Kb used=4791Kb max_used=4791Kb free=240968Kb
 bounds [0x000000000f010000, 0x000000000f4d0000, 0x000000001e010000]
 total_blobs=1445 nmethods=1178 adapters=180
 compilation: enabled

Compilation events (10 events):
Event: 1.375 Thread 0x00000000077a9800 nmethod 1177 0x000000000f4af050 code [0x000000000f4af200, 0x000000000f4af9e8]
Event: 1.375 Thread 0x00000000077a9800 1178       3       com.android.dx.ssa.SsaMethod::getCountReachableBlocks (44 bytes)
Event: 1.376 Thread 0x00000000077a9800 nmethod 1178 0x000000000f4b9090 code [0x000000000f4b9260, 0x000000000f4b9b18]
Event: 1.376 Thread 0x00000000077a9800 1179       3       com.android.dx.ssa.back.SsaToRop::convertBasicBlocks (151 bytes)
Event: 1.379 Thread 0x00000000077a9800 nmethod 1179 0x000000000f4b9ed0 code [0x000000000f4ba1e0, 0x000000000f4bbab8]
Event: 1.379 Thread 0x00000000077a9800 1180       3       com.android.dx.ssa.LocalVariableExtractor::doit (59 bytes)
Event: 1.379 Thread 0x00000000077a9800 nmethod 1180 0x000000000f4bc890 code [0x000000000f4bca40, 0x000000000f4bcf88]
Event: 1.379 Thread 0x00000000077a9800 1176       3       com.android.dx.ssa.DeadCodeRemover$NoSideEffectVisitor::visitPhiInsn (22 bytes)
Event: 1.380 Thread 0x00000000077a9800 nmethod 1176 0x000000000f4bd190 code [0x000000000f4bd340, 0x000000000f4bdaa8]
Event: 1.381 Thread 0x00000000077a9800 1181       3       com.android.dx.ssa.SCCP::replaceConstants (209 bytes)

GC Heap History (0 events):
No events

Deoptimization events (10 events):
Event: 0.980 Thread 0x0000000002922800 Uncommon trap: reason=unstable_if action=reinterpret pc=0x000000000f2dc794 method=com.android.dx.rop.code.RegisterSpec.equals(ILcom/android/dx/rop/type/TypeBearer;Lcom/android/dx/rop/code/LocalItem;)Z @ 16
Event: 0.980 Thread 0x0000000002922800 Uncommon trap: reason=unstable_if action=reinterpret pc=0x000000000f264c74 method=java.util.BitSet.ensureCapacity(I)V @ 6
Event: 0.980 Thread 0x0000000002922800 Uncommon trap: reason=unstable_if action=reinterpret pc=0x000000000f225730 method=java.util.BitSet.nextSetBit(I)I @ 87
Event: 1.077 Thread 0x0000000002922800 Uncommon trap: reason=unstable_if action=reinterpret pc=0x000000000f300adc method=com.android.dx.rop.cst.Constant.compareTo(Lcom/android/dx/rop/cst/Constant;)I @ 12
Event: 1.194 Thread 0x0000000002922800 Uncommon trap: reason=unstable_if action=reinterpret pc=0x000000000f371dfc method=com.android.dx.rop.code.LocalItem.hashCode()I @ 25
Event: 1.195 Thread 0x0000000002922800 Uncommon trap: reason=unstable_if action=reinterpret pc=0x000000000f3eef6c method=com.android.dx.rop.code.RegisterSpecSet.put(Lcom/android/dx/rop/code/RegisterSpec;)V @ 77
Event: 1.195 Thread 0x0000000002922800 Uncommon trap: reason=unstable_if action=reinterpret pc=0x000000000f3faba0 method=com.android.dx.rop.code.RegisterSpecSet.put(Lcom/android/dx/rop/code/RegisterSpec;)V @ 77
Event: 1.234 Thread 0x0000000002922800 Uncommon trap: reason=unstable_if action=reinterpret pc=0x000000000f3c31d0 method=com.android.dx.ssa.SsaRenamer$BlockRenamer.addMapping(ILcom/android/dx/rop/code/RegisterSpec;)V @ 120
Event: 1.254 Thread 0x0000000002922800 Uncommon trap: reason=bimorphic action=maybe_recompile pc=0x000000000f3dc194 method=java.util.HashMap.getNode(ILjava/lang/Object;)Ljava/util/HashMap$Node; @ 126
Event: 1.367 Thread 0x0000000002922800 Uncommon trap: reason=null_check action=make_not_entrant pc=0x000000000f3a86a0 method=com.android.dx.rop.type.Type.equals(Ljava/lang/Object;)Z @ 8

Internal exceptions (3 events):
Event: 0.051 Thread 0x0000000002922800 Exception <a 'java/lang/NoSuchMethodError': Method sun.misc.Unsafe.defineClass(Ljava/lang/String;[BII)Ljava/lang/Class; name or signature does not match> (0x00000000eab13078) thrown at [C:\re\workspace\8-2-build-windows-amd64-cygwin\jdk8u66\5298\hotspot\srµê]™?
Event: 0.051 Thread 0x0000000002922800 Exception <a 'java/lang/NoSuchMethodError': Method sun.misc.Unsafe.prefetchRead(Ljava/lang/Object;J)V name or signature does not match> (0x00000000eab13360) thrown at [C:\re\workspace\8-2-build-windows-amd64-cygwin\jdk8u66\5298\hotspot\src\share\vm\prims\jËŒ^jÓﬁı?
Event: 1.367 Thread 0x0000000002922800 Implicit null exception at 0x000000000f3a85a2 to 0x000000000f3a8692

Events (10 events):
Event: 1.234 Thread 0x0000000002922800 DEOPT PACKING pc=0x000000000f3c31d0 sp=0x00000000028ce5f0
Event: 1.234 Thread 0x0000000002922800 DEOPT UNPACKING pc=0x000000000f05582a sp=0x00000000028ce580 mode 2
Event: 1.254 Thread 0x0000000002922800 Uncommon trap: trap_request=0xffffffc6 fr.pc=0x000000000f3dc194
Event: 1.254 Thread 0x0000000002922800 DEOPT PACKING pc=0x000000000f3dc194 sp=0x00000000028ce800
Event: 1.254 Thread 0x0000000002922800 DEOPT UNPACKING pc=0x000000000f05582a sp=0x00000000028ce738 mode 2
Event: 1.280 loading class com/android/dx/cf/code/SwitchList
Event: 1.280 loading class com/android/dx/cf/code/SwitchList done
Event: 1.367 Thread 0x0000000002922800 Uncommon trap: trap_request=0xfffffff4 fr.pc=0x000000000f3a86a0
Event: 1.367 Thread 0x0000000002922800 DEOPT PACKING pc=0x000000000f3a86a0 sp=0x00000000028ce470
Event: 1.367 Thread 0x0000000002922800 DEOPT UNPACKING pc=0x000000000f05582a sp=0x00000000028ce408 mode 2


Dynamic libraries:
0x000007f67cdf0000 - 0x000007f67ce27000 	C:\Program Files\Java\jdk1.8.0_66\bin\java.exe
0x000007fbfe6d0000 - 0x000007fbfe88e000 	C:\Windows\SYSTEM32\ntdll.dll
0x000007fbfbf30000 - 0x000007fbfc066000 	C:\Windows\system32\KERNEL32.DLL
0x000007fbfb9f0000 - 0x000007fbfbae3000 	C:\Windows\system32\KERNELBASE.dll
0x000007fbfc240000 - 0x000007fbfc31e000 	C:\Windows\system32\ADVAPI32.dll
0x000007fbfdea0000 - 0x000007fbfdfec000 	C:\Windows\system32\USER32.dll
0x000007fbf9240000 - 0x000007fbf94a9000 	C:\Windows\WinSxS\amd64_microsoft.windows.common-controls_6595b64144ccf1df_6.0.9200.16384_none_418c2a697189c07f\COMCTL32.dll
0x000007fbfd960000 - 0x000007fbfda05000 	C:\Windows\system32\msvcrt.dll
0x000007fbfbee0000 - 0x000007fbfbf28000 	C:\Windows\SYSTEM32\sechost.dll
0x000007fbfdbb0000 - 0x000007fbfdcf0000 	C:\Windows\system32\RPCRT4.dll
0x000007fbfe340000 - 0x000007fbfe480000 	C:\Windows\system32\GDI32.dll
0x000007fbfe300000 - 0x000007fbfe339000 	C:\Windows\system32\IMM32.DLL
0x000007fbfd840000 - 0x000007fbfd954000 	C:\Windows\system32\MSCTF.dll
0x000007fbfb5b0000 - 0x000007fbfb5e2000 	C:\Windows\system32\nvinitx.dll
0x000007fbfb5a0000 - 0x000007fbfb5a9000 	C:\Windows\SYSTEM32\VERSION.dll
0x000000000f000000 - 0x000000000f006000 	C:\Program Files\NVIDIA Corporation\CoProcManager\_etoured.dll
0x000007fbf8d00000 - 0x000007fbf8d32000 	C:\Program Files\NVIDIA Corporation\CoProcManager\nvd3d9wrapx.dll
0x000007fbfbcc0000 - 0x000007fbfbe90000 	C:\Windows\system32\SETUPAPI.dll
0x000007fbfbaf0000 - 0x000007fbfbb3f000 	C:\Windows\system32\CFGMGR32.dll
0x000007fbfb730000 - 0x000007fbfb752000 	C:\Windows\system32\DEVOBJ.dll
0x000007fbf8c20000 - 0x000007fbf8c42000 	C:\Program Files\NVIDIA Corporation\CoProcManager\nvdxgiwrapx.dll
0x0000000071170000 - 0x0000000071242000 	C:\Program Files\Java\jdk1.8.0_66\jre\bin\msvcr100.dll
0x0000000071ab0000 - 0x0000000072339000 	C:\Program Files\Java\jdk1.8.0_66\jre\bin\server\jvm.dll
0x000007fbf4290000 - 0x000007fbf4299000 	C:\Windows\SYSTEM32\WSOCK32.dll
0x000007fbf9d40000 - 0x000007fbf9d60000 	C:\Windows\SYSTEM32\WINMM.dll
0x000007fbfdff0000 - 0x000007fbfdff7000 	C:\Windows\system32\PSAPI.DLL
0x000007fbfe1f0000 - 0x000007fbfe248000 	C:\Windows\system32\WS2_32.dll
0x000007fbf8ba0000 - 0x000007fbf8bd2000 	C:\Windows\SYSTEM32\WINMMBASE.dll
0x000007fbfe080000 - 0x000007fbfe089000 	C:\Windows\system32\NSI.dll
0x0000000071aa0000 - 0x0000000071aaf000 	C:\Program Files\Java\jdk1.8.0_66\jre\bin\verify.dll
0x0000000071a70000 - 0x0000000071a99000 	C:\Program Files\Java\jdk1.8.0_66\jre\bin\java.dll
0x0000000071a50000 - 0x0000000071a66000 	C:\Program Files\Java\jdk1.8.0_66\jre\bin\zip.dll
0x000007fbfc550000 - 0x000007fbfd838000 	C:\Windows\system32\SHELL32.dll
0x000007fbfdcf0000 - 0x000007fbfdea0000 	C:\Windows\SYSTEM32\combase.dll
0x000007fbfbe90000 - 0x000007fbfbee0000 	C:\Windows\system32\SHLWAPI.dll
0x000007fbfa770000 - 0x000007fbfa806000 	C:\Windows\SYSTEM32\SHCORE.dll
0x000007fbfb600000 - 0x000007fbfb615000 	C:\Windows\SYSTEM32\profapi.dll

VM Arguments:
jvm_args: -Djava.awt.headless=true -Xmx1024M -Dfile.encoding=GBK -Duser.country=CN -Duser.language=zh -Duser.variant 
java_command: com.android.dx.command.Main --dex --output F:\android_code\GooglePlayer\app\build\intermediates\pre-dexed\debug\com.android.support-appcompat-v7-22.2.1_9cd2b2e67f3bc015a8f68eb919ea75c515f6bef1.jar F:\android_code\GooglePlayer\app\build\intermediates\exploded-aar\com.android.support\appcompat-v7\22.2.1\jars\classes.jar
java_class_path (initial): G:\Android\sdk\SDK\build-tools\22.0.1\lib\dx.jar
Launcher Type: SUN_STANDARD

Environment Variables:
JAVA_HOME=C:\Program Files\Java\jdk1.8.0_66
CLASSPATH=.;C:\Program Files\Java\jdk1.8.0_66\lib
PATH=C:\ProgramData\Oracle\Java\javapath;E:\Installation_directory\adt-bundle-windows-x86_64_20140101\sdk\platform-tools;E:\Installation_directory\tomcat-7.0.63\bin;C:\Program Files\Java\jdk1.8.0_66\jre\bin;C:\Program Files\Java\jdk1.8.0_66\bin;C:\Program Files (x86)\NVIDIA Corporation\PhysX\Common;C:\Windows\system32;C:\Windows;C:\Windows\System32\Wbem;C:\Windows\System32\WindowsPowerShell\v1.0\;E:\Installation_directory\android-studio\gradle\gradle-2.4\bin;E:\Installation_directory\TortoiseGit\bin
USERNAME=Administrator
OS=Windows_NT
PROCESSOR_IDENTIFIER=Intel64 Family 6 Model 58 Stepping 9, GenuineIntel



---------------  S Y S T E M  ---------------

OS: Windows 8 , 64 bit Build 9200 (6.2.9200.16384)

CPU:total 4 (2 cores per cpu, 2 threads per core) family 6 model 58 stepping 9, cmov, cx8, fxsr, mmx, sse, sse2, sse3, ssse3, sse4.1, sse4.2, popcnt, avx, aes, clmul, erms, ht, tsc, tscinvbit, tscinv

Memory: 4k page, physical 8271344k(1612820k free), swap 8271344k(5452k free)

vm_info: Java HotSpot(TM) 64-Bit Server VM (25.66-b18) for windows-amd64 JRE (1.8.0_66-b18), built on Nov  9 2015 10:51:13 by "java_re" with MS VC++ 10.0 (VS2010)

time: Tue Jan 05 22:01:20 2016
elapsed time: 1 seconds (0d 0h 0m 1s)

